<?xml version="1.0" encoding="UTF-8"?>
<testng-results skipped="0" failed="0" ignored="0" total="1" passed="1">
  <reporter-output>
  </reporter-output>
  <suite name="Default suite" duration-ms="90" started-at="2019-11-19T12:07:06 IST" finished-at="2019-11-19T12:07:06 IST">
    <groups>
    </groups>
    <test name="Default test" duration-ms="90" started-at="2019-11-19T12:07:06 IST" finished-at="2019-11-19T12:07:06 IST">
      <class name="com.qa.seleniumlearn.ChildTestClass">
        <test-method status="PASS" signature="Test()[pri:0, instance:com.qa.seleniumlearn.ChildTestClass@527740a2]" name="Test" duration-ms="15" started-at="2019-11-19T12:07:06 IST" finished-at="2019-11-19T12:07:06 IST">
          <reporter-output>
          </reporter-output>
        </test-method> <!-- Test -->
      </class> <!-- com.qa.seleniumlearn.ChildTestClass -->
    </test> <!-- Default test -->
  </suite> <!-- Default suite -->
</testng-results>
